<?xml version="1.0" encoding="utf-8"?><testsuites name="pytest tests"><testsuite name="pytest" errors="0" failures="0" skipped="0" tests="17" time="1.117" timestamp="2026-02-08T11:14:24.158942+00:00" hostname="agent-env-4a24a21c-c0d1-4500-be51-8fa06850f9cc"><testcase classname="backend.tests.test_api.TestHealthEndpoints" name="test_health_endpoint" time="0.142" /><testcase classname="backend.tests.test_api.TestHealthEndpoints" name="test_root_api_endpoint" time="0.037" /><testcase classname="backend.tests.test_api.TestSettingsAPI" name="test_get_settings" time="0.035" /><testcase classname="backend.tests.test_api.TestSettingsAPI" name="test_update_settings" time="0.114" /><testcase classname="backend.tests.test_api.TestTokensAPI" name="test_create_token" time="0.129" /><testcase classname="backend.tests.test_api.TestTokensAPI" name="test_get_tokens" time="0.032" /><testcase classname="backend.tests.test_api.TestTokensAPI" name="test_get_token_by_id" time="0.097" /><testcase classname="backend.tests.test_api.TestTokensAPI" name="test_delete_token" time="0.069" /><testcase classname="backend.tests.test_api.TestExchangesAPI" name="test_create_exchange" time="0.070" /><testcase classname="backend.tests.test_api.TestExchangesAPI" name="test_get_exchanges" time="0.036" /><testcase classname="backend.tests.test_api.TestExchangesAPI" name="test_delete_exchange" time="0.071" /><testcase classname="backend.tests.test_api.TestWalletAPI" name="test_save_wallet_config" time="0.034" /><testcase classname="backend.tests.test_api.TestWalletAPI" name="test_get_wallet_config" time="0.032" /><testcase classname="backend.tests.test_api.TestActivityAPI" name="test_get_activity" time="0.032" /><testcase classname="backend.tests.test_api.TestArbitrageAPI" name="test_get_opportunities" time="0.033" /><testcase classname="backend.tests.test_api.TestArbitrageAPI" name="test_detect_arbitrage" time="0.033" /><testcase classname="backend.tests.test_api.TestStatsAPI" name="test_get_stats" time="0.034" /></testsuite></testsuites>